<?xml version="1.0" encoding="UTF-8"?>
<!-- Generated by org.testng.reporters.JUnitReportReporter -->
<testsuite skipped="0" hostname="DESKTOP-R0OST5N" name="com.mobile.xcart.testSuite.HomePageTest" tests="1" failures="0" timestamp="15 Jun 2021 08:21:55 GMT" time="7.584" errors="0">
  <testcase name="userIsOnHomePage" time="7.584" classname="com.mobile.xcart.testSuite.HomePageTest"/>
</testsuite> <!-- com.mobile.xcart.testSuite.HomePageTest -->
